<?xml version="1.0" encoding="utf-8"?><testsuites name="pytest tests"><testsuite name="pytest" errors="0" failures="0" skipped="0" tests="181" time="0.953" timestamp="2025-07-14T11:44:42.481105+00:00" hostname="pkrvmq0rgcvqdmg"><testcase classname="tests.test_basic_splitter" name="test_returns_single_part_when_text_fits_part_size" time="0.001" /><testcase classname="tests.test_basic_splitter" name="test_fails_when_no_separators_provided" time="0.000" /><testcase classname="tests.test_basic_splitter" name="test_fails_when_cant_split" time="0.000" /><testcase classname="tests.test_basic_splitter" name="test_strips_whitespaces_with_leading_and_trailing_part_whitespaces" time="0.000" /><testcase classname="tests.test_basic_splitter" name="test_uses_fallback_splitter_when_required" time="0.000" /><testcase classname="tests.test_basic_splitter" name="test_uses_all_splitters_when_required" time="0.000" /><testcase classname="tests.test_basic_splitter" name="test_adds_trailing_splitters_when_required" time="0.000" /><testcase classname="tests.test_basic_splitter" name="test_uses_paragraphs_splitting_with_default_separators" time="0.000" /><testcase classname="tests.test_basic_splitter" name="test_uses_newline_splitting_with_default_separators" time="0.000" /><testcase classname="tests.test_basic_splitter" name="test_uses_words_splitting_with_default_separators" time="0.000" /><testcase classname="tests.test_basic_splitter" name="test_uses_words_splitting_when_one_separators_provided" time="0.000" /><testcase classname="tests.test_basic_splitter" name="test_splitting_text_when_parts_fit_part_size_exactly" time="0.000" /><testcase classname="tests.test_basic_splitter" name="test_splitting_text_when_each_base_part_doesnt_fit_part_size" time="0.000" /><testcase classname="tests.test_basic_splitter" name="test_overlapping_parts_with_primary_splitting" time="0.000" /><testcase classname="tests.test_basic_splitter" name="test_overlapping_parts_with_nested_splitting" time="0.000" /><testcase classname="tests.test_basic_splitter" name="test_uses_nested_splitting_with_long_text" time="0.000" /><testcase classname="tests.test_basic_splitter" name="test_uses_overlap_splitting_with_long_text" time="0.000" /><testcase classname="tests.test_exhaustive_regex_splitter" name="test_returns_single_part_when_text_fits_part_size" time="0.000" /><testcase classname="tests.test_exhaustive_regex_splitter" name="test_fails_when_no_separators_provided" time="0.000" /><testcase classname="tests.test_exhaustive_regex_splitter" name="test_fails_when_cant_split" time="0.001" /><testcase classname="tests.test_exhaustive_regex_splitter" name="test_strips_whitespaces_with_leading_and_trailing_part_whitespaces" time="0.000" /><testcase classname="tests.test_exhaustive_regex_splitter" name="test_adds_leading_splitters_when_required" time="0.000" /><testcase classname="tests.test_exhaustive_regex_splitter" name="test_uses_paragraphs_splitting_with_default_separators" time="0.000" /><testcase classname="tests.test_exhaustive_regex_splitter" name="test_uses_newline_splitting_with_default_separators" time="0.000" /><testcase classname="tests.test_exhaustive_regex_splitter" name="test_uses_words_splitting_with_default_separators" time="0.000" /><testcase classname="tests.test_exhaustive_regex_splitter" name="test_uses_words_splitting_when_one_separators_provided" time="0.000" /><testcase classname="tests.test_exhaustive_regex_splitter" name="test_splitting_text_when_parts_fit_part_size_exactly" time="0.000" /><testcase classname="tests.test_exhaustive_regex_splitter" name="test_splitting_markdown_headers" time="0.000" /><testcase classname="tests.test_exhaustive_regex_splitter" name="test_splitting_markdown_headers_with_subheaders" time="0.000" /><testcase classname="tests.test_exhaustive_regex_splitter" name="test_splitting_html_tag" time="0.000" /><testcase classname="tests.test_exhaustive_regex_splitter" name="test_overlapping_parts_with_parts_similar_sizes" time="0.000" /><testcase classname="tests.test_exhaustive_regex_splitter" name="test_overlapping_parts_with_different_sizes" time="0.000" /><testcase classname="tests.test_exhaustive_regex_splitter" name="test_regex_text_splitting_with_long_text" time="0.001" /><testcase classname="tests.test_exhaustive_regex_splitter" name="test_uses_overlap_splitting_with_long_text" time="0.001" /><testcase classname="tests.test_exhaustive_splitter" name="test_returns_single_part_when_text_fits_part_size" time="0.000" /><testcase classname="tests.test_exhaustive_splitter" name="test_fails_when_no_separators_provided" time="0.000" /><testcase classname="tests.test_exhaustive_splitter" name="test_fails_when_cant_split" time="0.000" /><testcase classname="tests.test_exhaustive_splitter" name="test_strips_whitespaces_with_leading_and_trailing_part_whitespaces" time="0.000" /><testcase classname="tests.test_exhaustive_splitter" name="test_uses_all_splitters_with_different_splitters_order" time="0.000" /><testcase classname="tests.test_exhaustive_splitter" name="test_adds_trailing_splitters_when_required" time="0.000" /><testcase classname="tests.test_exhaustive_splitter" name="test_uses_paragraphs_splitting_with_default_separators" time="0.000" /><testcase classname="tests.test_exhaustive_splitter" name="test_uses_newline_splitting_with_default_separators" time="0.000" /><testcase classname="tests.test_exhaustive_splitter" name="test_uses_words_splitting_with_default_separators" time="0.000" /><testcase classname="tests.test_exhaustive_splitter" name="test_uses_words_splitting_when_one_separators_provided" time="0.000" /><testcase classname="tests.test_exhaustive_splitter" name="test_splitting_text_when_parts_fit_part_size_exactly" time="0.000" /><testcase classname="tests.test_exhaustive_splitter" name="test_overlapping_parts_with_parts_similar_sizes" time="0.000" /><testcase classname="tests.test_exhaustive_splitter" name="test_overlapping_parts_with_different_sizes" time="0.000" /><testcase classname="tests.test_exhaustive_splitter" name="test_text_splitting_with_long_text" time="0.000" /><testcase classname="tests.test_exhaustive_splitter" name="test_uses_overlap_splitting_with_long_text" time="0.000" /><testcase classname="tests.test_idle_monitor" name="test_not_idle_initially" time="0.001" /><testcase classname="tests.test_idle_monitor" name="test_becomes_idle_initially" time="0.001" /><testcase classname="tests.test_idle_monitor" name="test_not_idle_when_entered_task" time="0.001" /><testcase classname="tests.test_idle_monitor" name="test_becomes_idle_after_exiting_task" time="0.001" /><testcase classname="tests.test_idle_monitor" name="test_not_idle_when_nested_not_idle" time="0.001" /><testcase classname="tests.test_idle_monitor" name="test_becomes_idle_after_nested_becomes_idle" time="0.001" /><testcase classname="tests.test_idle_monitor" name="test_waits_for_being_idle" time="0.001" /><testcase classname="tests.test_idle_monitor" name="test_waits_for_being_idle_with_nested" time="0.001" /><testcase classname="tests.test_idle_monitor" name="test_resets_when_entering_task" time="0.001" /><testcase classname="tests.test_idle_monitor" name="test_resets_when_nested_entering_task" time="0.001" /><testcase classname="tests.test_model" name="test_validated_passes_with_valid_values" time="0.001" /><testcase classname="tests.test_model" name="test_validated_passes_with_default_values" time="0.000" /><testcase classname="tests.test_model" name="test_default_factory_produces_values" time="0.000" /><testcase classname="tests.test_model" name="test_datetime_encoding" time="0.000" /><testcase classname="tests.test_model" name="test_datetime_decoding" time="0.000" /><testcase classname="tests.test_model" name="test_uuid_encoding" time="0.000" /><testcase classname="tests.test_model" name="test_uuid_decoding" time="0.000" /><testcase classname="tests.test_model" name="test_missing_encoding" time="0.000" /><testcase classname="tests.test_model" name="test_missing_decoding" time="0.000" /><testcase classname="tests.test_model" name="test_typed_dict_encoding" time="0.000" /><testcase classname="tests.test_model" name="test_typed_dict_decoding" time="0.001" /><testcase classname="tests.test_model" name="test_basic_encoding" time="0.000" /><testcase classname="tests.test_model" name="test_basic_decoding" time="0.000" /><testcase classname="tests.test_model" name="test_llm_message_decoding" time="0.001" /><testcase classname="tests.test_model" name="test_llm_message_encoding" time="0.000" /><testcase classname="tests.test_model" name="test_any_encoding" time="0.000" /><testcase classname="tests.test_model" name="test_any_dict_decoding" time="0.000" /><testcase classname="tests.test_model" name="test_generic_subtypes_validation" time="0.002" /><testcase classname="tests.test_model" name="test_copying_leaves_same_object" time="0.001" /><testcase classname="tests.test_multimodal" name="test_empty_is_falsy" time="0.000" /><testcase classname="tests.test_multimodal" name="test_as_string_is_equal_input_text" time="0.000" /><testcase classname="tests.test_multimodal" name="test_merged_texts_are_concatenated" time="0.000" /><testcase classname="tests.test_multimodal" name="test_merged_texts_with_media_are_concatenated" time="0.000" /><testcase classname="tests.test_multimodal" name="test_empty_texts_are_skipped" time="0.000" /><testcase classname="tests.test_multimodal" name="test_merged_contents_with_same_meta_are_concatenated" time="0.000" /><testcase classname="tests.test_multimodal" name="test_merged_contents_with_different_meta_are_concatenated_where_able" time="0.001" /><testcase classname="tests.test_resource_uri_template" name="test_simple_variable_expansion" time="0.001" /><testcase classname="tests.test_resource_uri_template" name="test_query_parameter_extraction" time="0.000" /><testcase classname="tests.test_resource_uri_template" name="test_multiple_path_parameters" time="0.000" /><testcase classname="tests.test_resource_uri_template" name="test_no_parameters" time="0.000" /><testcase classname="tests.test_resource_uri_template" name="test_mixed_parameters" time="0.001" /><testcase classname="tests.test_resource_uri_template" name="test_resolve_from_uri_with_parameters" time="0.001" /><testcase classname="tests.test_resource_uri_template" name="test_resolve_from_uri_no_parameters" time="0.001" /><testcase classname="tests.test_resource_uri_template" name="test_resolve_from_uri_complex_template" time="0.001" /><testcase classname="tests.test_resource_uri_template" name="test_resolve_from_uri_with_query_params" time="0.001" /><testcase classname="tests.test_resource_uri_template" name="test_resolve_from_uri_with_missing_default_params" time="0.001" /><testcase classname="tests.test_resource_uri_template" name="test_path_segment_expansion" time="0.001" /><testcase classname="tests.test_resource_uri_template" name="test_fragment_expansion" time="0.000" /><testcase classname="tests.test_resource_uri_template" name="test_query_template_expansion" time="0.000" /><testcase classname="tests.test_resource_uri_template" name="test_template_parameter_validation" time="0.000" /><testcase classname="tests.test_resource_uri_template" name="test_template_matching_complex_template" time="0.001" /><testcase classname="tests.test_schema" name="test_json_schema" time="0.000" /><testcase classname="tests.test_schema" name="test_simplified_schema" time="0.000" /><testcase classname="tests.test_specification" name="test_specifications" time="0.000" /><testcase classname="tests.test_specification" name="test_basic_specification" time="0.001" /><testcase classname="tests.test_specification" name="test_parametrized_specification" time="0.001" /><testcase classname="tests.test_specification" name="test_nested_parametrized_specification" time="0.001" /><testcase classname="tests.test_tags_extraction" name="test_returns_none_with_empty" time="0.000" /><testcase classname="tests.test_tags_extraction" name="test_returns_none_without_tag" time="0.000" /><testcase classname="tests.test_tags_extraction" name="test_returns_none_with_other_tag" time="0.000" /><testcase classname="tests.test_tags_extraction" name="test_returns_none_with_closing_tag" time="0.000" /><testcase classname="tests.test_tags_extraction" name="test_returns_empty_with_closed_tag" time="0.000" /><testcase classname="tests.test_tags_extraction" name="test_returns_none_with_reversed_tags" time="0.001" /><testcase classname="tests.test_tags_extraction" name="test_returns_none_without_closing_tag" time="0.000" /><testcase classname="tests.test_tags_extraction" name="test_returns_none_with_malformed_opening_tag" time="0.000" /><testcase classname="tests.test_tags_extraction" name="test_returns_none_with_malformed_closing_tag" time="0.000" /><testcase classname="tests.test_tags_extraction" name="test_returns_content_with_valid_tag" time="0.001" /><testcase classname="tests.test_tags_extraction" name="test_returns_content_with_surrounded_tag" time="0.001" /><testcase classname="tests.test_tags_extraction" name="test_returns_content_with_opening_tag_containing_attributes" time="0.001" /><testcase classname="tests.test_tags_extraction" name="test_returns_none_with_opening_tag_containing_malformed_attributes" time="0.000" /><testcase classname="tests.test_tags_extraction" name="test_returns_first_content_with_multiple_tags" time="0.001" /><testcase classname="tests.test_tags_extraction" name="test_returns_outer_content_with_multiple_nested_tags" time="0.001" /><testcase classname="tests.test_tags_extraction" name="test_returns_nested_content_with_fake_tags" time="0.001" /><testcase classname="tests.test_tags_extraction" name="test_returns_none_with_nested_in_other_tags" time="0.000" /><testcase classname="tests.test_tags_extraction" name="test_returns_content_with_multiple_tags" time="0.001" /><testcase classname="tests.test_tags_extraction" name="test_returns_content_with_multiple_filtered_tags" time="0.001" /><testcase classname="tests.test_tags_extraction" name="test_skips_content_from_different_filtered_tags" time="0.001" /><testcase classname="tests.test_tags_extraction" name="test_handles_empty_tag_content" time="0.000" /><testcase classname="tests.test_tags_extraction" name="test_handles_whitespace_only_tag_content" time="0.000" /><testcase classname="tests.test_tags_extraction" name="test_handles_special_characters_in_attributes" time="0.000" /><testcase classname="tests.test_tags_extraction" name="test_handles_escaped_quotes_in_attributes" time="0.000" /><testcase classname="tests.test_tags_extraction" name="test_handles_multiple_consecutive_tags" time="0.000" /><testcase classname="tests.test_tags_extraction" name="test_handles_mixed_self_closing_and_normal_tags" time="0.001" /><testcase classname="tests.test_tags_extraction" name="test_handles_tag_names_with_numbers" time="0.000" /><testcase classname="tests.test_tags_extraction" name="test_handles_invalid_attribute_formats" time="0.000" /><testcase classname="tests.test_tags_extraction" name="test_handles_unclosed_attribute_quotes" time="0.000" /><testcase classname="tests.test_tags_extraction" name="test_handles_nested_angle_brackets" time="0.000" /><testcase classname="tests.test_tags_extraction" name="test_handles_multiple_spaces_in_tags" time="0.000" /><testcase classname="tests.test_tags_extraction" name="test_handles_malformed_closing_tags" time="0.000" /><testcase classname="tests.test_tags_extraction" name="test_handles_case_sensitivity" time="0.000" /><testcase classname="tests.test_tags_extraction" name="test_handles_mixed_media_and_empty_tags" time="0.000" /><testcase classname="tests.test_tags_extraction" name="test_handles_attribute_without_value" time="0.000" /><testcase classname="tests.test_tags_replacement" name="test_returns_unchanged_with_empty" time="0.000" /><testcase classname="tests.test_tags_replacement" name="test_returns_unchanged_without_tag" time="0.001" /><testcase classname="tests.test_tags_replacement" name="test_returns_unchanged_with_other_tag" time="0.001" /><testcase classname="tests.test_tags_replacement" name="test_returns_unchanged_without_closing_tag" time="0.001" /><testcase classname="tests.test_tags_replacement" name="test_returns_unchanged_with_only_closing_tag" time="0.001" /><testcase classname="tests.test_tags_replacement" name="test_returns_unchanged_with_reversed_tags" time="0.001" /><testcase classname="tests.test_tags_replacement" name="test_returns_unchanged_with_malformed_opening_tag" time="0.001" /><testcase classname="tests.test_tags_replacement" name="test_returns_unchanged_with_malformed_closing_tag" time="0.001" /><testcase classname="tests.test_tags_replacement" name="test_returns_replaced_with_valid_tag" time="0.001" /><testcase classname="tests.test_tags_replacement" name="test_returns_replaced_outer_with_multiple_nested_tags" time="0.001" /><testcase classname="tests.test_tags_replacement" name="test_returns_replaced_with_surrounded_tag" time="0.001" /><testcase classname="tests.test_tags_replacement" name="test_returns_unchanged_with_nested_in_tags" time="0.001" /><testcase classname="tests.test_tags_replacement" name="test_returns_replaced_content_with_fake_tags" time="0.001" /><testcase classname="tests.test_tags_replacement" name="test_returns_replaced_with_other_tags" time="0.001" /><testcase classname="tests.test_tags_replacement" name="test_returns_first_replaced_with_multiple_valid_tags" time="0.001" /><testcase classname="tests.test_tags_replacement" name="test_returns_all_replaced_with_multiple_valid_tags" time="0.001" /><testcase classname="tests.test_tags_replacement" name="test_handles_empty_replacement" time="0.000" /><testcase classname="tests.test_tags_replacement" name="test_handles_whitespace_replacement" time="0.000" /><testcase classname="tests.test_tags_replacement" name="test_handles_self_closing_tag_replacement" time="0.000" /><testcase classname="tests.test_tags_replacement" name="test_handles_multiple_self_closing_tags" time="0.000" /><testcase classname="tests.test_tags_replacement" name="test_preserves_tag_attributes_on_replacement" time="0.000" /><testcase classname="tests.test_tags_replacement" name="test_handles_nested_tags_with_same_name" time="0.000" /><testcase classname="tests.test_tags_replacement" name="test_handles_mixed_content_replacement" time="0.001" /><testcase classname="tests.test_tags_replacement" name="test_handles_escaped_characters_in_tags" time="0.000" /><testcase classname="tests.test_tags_replacement" name="test_handles_adjacent_tags" time="0.000" /><testcase classname="tests.test_tags_replacement" name="test_handles_tags_with_numeric_suffixes" time="0.001" /><testcase classname="tests.test_tags_replacement" name="test_handles_tags_with_special_characters" time="0.000" /><testcase classname="tests.test_tags_replacement" name="test_handles_replacement_with_tags" time="0.000" /><testcase classname="tests.test_tags_replacement" name="test_handles_multiline_content" time="0.000" /><testcase classname="tests.test_tags_replacement" name="test_handles_mixed_case_sensitivity" time="0.000" /><testcase classname="tests.test_tags_replacement" name="test_handles_multiple_attributes_with_quotes" time="0.000" /><testcase classname="tests.test_tags_replacement" name="test_handles_complex_nested_structure" time="0.001" /><testcase classname="tests.test_tags_replacement" name="test_handles_replacement_with_multiple_media" time="0.001" /><testcase classname="tests.test_tool_call" name="test_call_returns_result" time="0.001" /><testcase classname="tests.test_tool_call" name="test_call_fails_on_error" time="0.001" /><testcase classname="tests.test_tool_call" name="test_toolbox_call_returns_multimodal_content" time="0.001" /><testcase classname="tests.test_tool_call" name="test_toolbox_call_returns_custom_content" time="0.001" /><testcase classname="tests.test_tool_call" name="test_retries_with_auto_retry" time="0.001" /><testcase classname="tests.test_tool_call" name="test_returns_cached_with_cache" time="0.001" /><testcase classname="tests.test_validation" name="test_validation" time="0.002" /></testsuite></testsuites>